<?xml version="1.0" encoding="UTF-8" ?>
<testsuite failures="0" time="1.096" errors="0" skipped="0" tests="1" name="test.TestCaseUtil">
  <properties>
    <property name="java.runtime.name" value="Java(TM) SE Runtime Environment"/>
    <property name="sun.boot.library.path" value="E:\java-jdk\jdk-6u43\jre\bin"/>
    <property name="java.vm.version" value="20.14-b01"/>
    <property name="java.vm.vendor" value="Sun Microsystems Inc."/>
    <property name="java.vendor.url" value="http://java.sun.com/"/>
    <property name="path.separator" value=";"/>
    <property name="java.vm.name" value="Java HotSpot(TM) 64-Bit Server VM"/>
    <property name="file.encoding.pkg" value="sun.io"/>
    <property name="user.country" value="CN"/>
    <property name="sun.java.launcher" value="SUN_STANDARD"/>
    <property name="sun.os.patch.level" value=""/>
    <property name="java.vm.specification.name" value="Java Virtual Machine Specification"/>
    <property name="user.dir" value="D:\ftz\pacific-import-rsdb"/>
    <property name="java.runtime.version" value="1.6.0_43-b01"/>
    <property name="java.awt.graphicsenv" value="sun.awt.Win32GraphicsEnvironment"/>
    <property name="basedir" value="D:\ftz\pacific-import-rsdb"/>
    <property name="java.endorsed.dirs" value="E:\java-jdk\jdk-6u43\jre\lib\endorsed"/>
    <property name="os.arch" value="amd64"/>
    <property name="surefire.real.class.path" value="D:\ftz\pacific-import-rsdb\target\surefire\surefirebooter8668719215234260894.jar"/>
    <property name="java.io.tmpdir" value="C:\Users\think\AppData\Local\Temp\"/>
    <property name="line.separator" value="
"/>
    <property name="java.vm.specification.vendor" value="Sun Microsystems Inc."/>
    <property name="user.variant" value=""/>
    <property name="os.name" value="Windows 8"/>
    <property name="sun.jnu.encoding" value="GBK"/>
    <property name="java.library.path" value="E:\java-jdk\jdk-6u43\jre\bin;C:\windows\Sun\Java\bin;C:\windows\system32;C:\windows;D:/Program Files (x86)/Java/jre7/bin/client;D:/Program Files (x86)/Java/jre7/bin;D:/Program Files (x86)/Java/jre7/lib/i386;D:\oracle\xe\app\oracle\product\11.2.0\server\bin;;C:\windows\system32;C:\windows;C:\windows\System32\Wbem;C:\windows\System32\WindowsPowerShell\v1.0\;C:\Program Files (x86)\ATI Technologies\ATI.ACE\Core-Static;C:\Program Files (x86)\Common Files\lenovo\easyplussdk\bin;C:\ProgramData\Lenovo\ReadyApps;D:\Program Files (x86)\Java\jdk1.7.0_71\bin;D:\Program Files (x86)\Java\jdk1.7.0_71\jre\bin;D:\Program Files\TortoiseSVN\bin;D:\Program Files\mongodb\bin;D:\Program Files\maven\apache-maven-3.2.5\bin;C:\StyleReportEE\bin;E:\IDE\eclipseBsi;;."/>
    <property name="surefire.test.class.path" value="D:\ftz\pacific-import-rsdb\target\test-classes;D:\ftz\pacific-import-rsdb\target\classes;C:\Users\think\.m2\repository\org\mongodb\mongo-java-driver\2.11.2\mongo-java-driver-2.11.2.jar;C:\Users\think\.m2\repository\org\slf4j\slf4j-log4j12\1.6.4\slf4j-log4j12-1.6.4.jar;C:\Users\think\.m2\repository\org\slf4j\slf4j-api\1.6.4\slf4j-api-1.6.4.jar;C:\Users\think\.m2\repository\log4j\log4j\1.2.16\log4j-1.2.16.jar;C:\Users\think\.m2\repository\junit\junit\4.11\junit-4.11.jar;C:\Users\think\.m2\repository\org\hamcrest\hamcrest-core\1.3\hamcrest-core-1.3.jar;C:\Users\think\.m2\repository\org\hamcrest\hamcrest-all\1.3\hamcrest-all-1.3.jar;C:\Users\think\.m2\repository\commons-logging\commons-logging\1.1.1\commons-logging-1.1.1.jar;C:\Users\think\.m2\repository\com\bsteel\baocors-utils\0.0.1-SNAPSHOT\baocors-utils-0.0.1-SNAPSHOT.jar;C:\Users\think\.m2\repository\net\sourceforge\jexcelapi\jxl\2.6.3\jxl-2.6.3.jar;C:\Users\think\.m2\repository\poi\poi\2.5.1-final-20040804\poi-2.5.1-final-20040804.jar;C:\Users\think\.m2\repository\net\sf\json-lib\json-lib\2.2.3\json-lib-2.2.3.jar;C:\Users\think\.m2\repository\net\sf\ezmorph\ezmorph\1.0.6\ezmorph-1.0.6.jar;C:\Users\think\.m2\repository\org\apache\axis\axis-jaxrpc\1.4\axis-jaxrpc-1.4.jar;C:\Users\think\.m2\repository\org\apache\axis\axis\1.4\axis-1.4.jar;C:\Users\think\.m2\repository\com\baosteel\cas2\1.0.0\cas2-1.0.0.jar;C:\Users\think\.m2\repository\com\waxberry\framework\waxberry-api\1.0.0\waxberry-api-1.0.0.jar;C:\Users\think\.m2\repository\com\waxberry\framework\waxberry-local\1.0.0\waxberry-local-1.0.0.jar;C:\Users\think\.m2\repository\javax\servlet\servlet-api\2.5\servlet-api-2.5.jar;C:\Users\think\.m2\repository\com\waxberry\framework\waxberry-log\1.0.0\waxberry-log-1.0.0.jar;C:\Users\think\.m2\repository\org\springframework\data\spring-data-mongodb-log4j\1.0.2.RELEASE\spring-data-mongodb-log4j-1.0.2.RELEASE.jar;C:\Users\think\.m2\repository\com\waxberry\framework\waxberry-utils\1.0.0\waxberry-utils-1.0.0.jar;C:\Users\think\.m2\repository\commons-beanutils\commons-beanutils\1.8.0\commons-beanutils-1.8.0.jar;C:\Users\think\.m2\repository\commons-lang\commons-lang\2.5\commons-lang-2.5.jar;C:\Users\think\.m2\repository\commons-collections\commons-collections\3.2\commons-collections-3.2.jar;C:\Users\think\.m2\repository\commons-discovery\commons-discovery\0.2\commons-discovery-0.2.jar;C:\Users\think\.m2\repository\commons-httpclient\commons-httpclient\3.1-jbossorg-1\commons-httpclient-3.1-jbossorg-1.jar;C:\Users\think\.m2\repository\org\apache\httpcomponents\httpcore\4.3.2\httpcore-4.3.2.jar;C:\Users\think\.m2\repository\org\apache\httpcomponents\httpclient\4.3.2\httpclient-4.3.2.jar;C:\Users\think\.m2\repository\commons-codec\commons-codec\1.6\commons-codec-1.6.jar;"/>
    <property name="java.specification.name" value="Java Platform API Specification"/>
    <property name="java.class.version" value="50.0"/>
    <property name="sun.management.compiler" value="HotSpot 64-Bit Tiered Compilers"/>
    <property name="os.version" value="6.2"/>
    <property name="user.home" value="C:\Users\think"/>
    <property name="user.timezone" value="Asia/Shanghai"/>
    <property name="java.awt.printerjob" value="sun.awt.windows.WPrinterJob"/>
    <property name="java.specification.version" value="1.6"/>
    <property name="file.encoding" value="GBK"/>
    <property name="user.name" value="think"/>
    <property name="java.class.path" value="D:\ftz\pacific-import-rsdb\target\test-classes;D:\ftz\pacific-import-rsdb\target\classes;C:\Users\think\.m2\repository\org\mongodb\mongo-java-driver\2.11.2\mongo-java-driver-2.11.2.jar;C:\Users\think\.m2\repository\org\slf4j\slf4j-log4j12\1.6.4\slf4j-log4j12-1.6.4.jar;C:\Users\think\.m2\repository\org\slf4j\slf4j-api\1.6.4\slf4j-api-1.6.4.jar;C:\Users\think\.m2\repository\log4j\log4j\1.2.16\log4j-1.2.16.jar;C:\Users\think\.m2\repository\junit\junit\4.11\junit-4.11.jar;C:\Users\think\.m2\repository\org\hamcrest\hamcrest-core\1.3\hamcrest-core-1.3.jar;C:\Users\think\.m2\repository\org\hamcrest\hamcrest-all\1.3\hamcrest-all-1.3.jar;C:\Users\think\.m2\repository\commons-logging\commons-logging\1.1.1\commons-logging-1.1.1.jar;C:\Users\think\.m2\repository\com\bsteel\baocors-utils\0.0.1-SNAPSHOT\baocors-utils-0.0.1-SNAPSHOT.jar;C:\Users\think\.m2\repository\net\sourceforge\jexcelapi\jxl\2.6.3\jxl-2.6.3.jar;C:\Users\think\.m2\repository\poi\poi\2.5.1-final-20040804\poi-2.5.1-final-20040804.jar;C:\Users\think\.m2\repository\net\sf\json-lib\json-lib\2.2.3\json-lib-2.2.3.jar;C:\Users\think\.m2\repository\net\sf\ezmorph\ezmorph\1.0.6\ezmorph-1.0.6.jar;C:\Users\think\.m2\repository\org\apache\axis\axis-jaxrpc\1.4\axis-jaxrpc-1.4.jar;C:\Users\think\.m2\repository\org\apache\axis\axis\1.4\axis-1.4.jar;C:\Users\think\.m2\repository\com\baosteel\cas2\1.0.0\cas2-1.0.0.jar;C:\Users\think\.m2\repository\com\waxberry\framework\waxberry-api\1.0.0\waxberry-api-1.0.0.jar;C:\Users\think\.m2\repository\com\waxberry\framework\waxberry-local\1.0.0\waxberry-local-1.0.0.jar;C:\Users\think\.m2\repository\javax\servlet\servlet-api\2.5\servlet-api-2.5.jar;C:\Users\think\.m2\repository\com\waxberry\framework\waxberry-log\1.0.0\waxberry-log-1.0.0.jar;C:\Users\think\.m2\repository\org\springframework\data\spring-data-mongodb-log4j\1.0.2.RELEASE\spring-data-mongodb-log4j-1.0.2.RELEASE.jar;C:\Users\think\.m2\repository\com\waxberry\framework\waxberry-utils\1.0.0\waxberry-utils-1.0.0.jar;C:\Users\think\.m2\repository\commons-beanutils\commons-beanutils\1.8.0\commons-beanutils-1.8.0.jar;C:\Users\think\.m2\repository\commons-lang\commons-lang\2.5\commons-lang-2.5.jar;C:\Users\think\.m2\repository\commons-collections\commons-collections\3.2\commons-collections-3.2.jar;C:\Users\think\.m2\repository\commons-discovery\commons-discovery\0.2\commons-discovery-0.2.jar;C:\Users\think\.m2\repository\commons-httpclient\commons-httpclient\3.1-jbossorg-1\commons-httpclient-3.1-jbossorg-1.jar;C:\Users\think\.m2\repository\org\apache\httpcomponents\httpcore\4.3.2\httpcore-4.3.2.jar;C:\Users\think\.m2\repository\org\apache\httpcomponents\httpclient\4.3.2\httpclient-4.3.2.jar;C:\Users\think\.m2\repository\commons-codec\commons-codec\1.6\commons-codec-1.6.jar;"/>
    <property name="java.vm.specification.version" value="1.0"/>
    <property name="sun.arch.data.model" value="64"/>
    <property name="java.home" value="E:\java-jdk\jdk-6u43\jre"/>
    <property name="sun.java.command" value="D:\ftz\pacific-import-rsdb\target\surefire\surefirebooter8668719215234260894.jar D:\ftz\pacific-import-rsdb\target\surefire\surefire2298590219319929409tmp D:\ftz\pacific-import-rsdb\target\surefire\surefire8605975521828283369tmp"/>
    <property name="java.specification.vendor" value="Sun Microsystems Inc."/>
    <property name="user.language" value="zh"/>
    <property name="awt.toolkit" value="sun.awt.windows.WToolkit"/>
    <property name="java.vm.info" value="mixed mode"/>
    <property name="java.version" value="1.6.0_43"/>
    <property name="java.ext.dirs" value="E:\java-jdk\jdk-6u43\jre\lib\ext;C:\windows\Sun\Java\lib\ext"/>
    <property name="sun.boot.class.path" value="E:\java-jdk\jdk-6u43\jre\lib\resources.jar;E:\java-jdk\jdk-6u43\jre\lib\rt.jar;E:\java-jdk\jdk-6u43\jre\lib\sunrsasign.jar;E:\java-jdk\jdk-6u43\jre\lib\jsse.jar;E:\java-jdk\jdk-6u43\jre\lib\jce.jar;E:\java-jdk\jdk-6u43\jre\lib\charsets.jar;E:\java-jdk\jdk-6u43\jre\lib\modules\jdk.boot.jar;E:\java-jdk\jdk-6u43\jre\classes"/>
    <property name="java.vendor" value="Sun Microsystems Inc."/>
    <property name="localRepository" value="C:\Users\think\.m2\repository"/>
    <property name="file.separator" value="\"/>
    <property name="java.vendor.url.bug" value="http://java.sun.com/cgi-bin/bugreport.cgi"/>
    <property name="sun.cpu.endian" value="little"/>
    <property name="sun.io.unicode.encoding" value="UnicodeLittle"/>
    <property name="sun.desktop" value="windows"/>
    <property name="sun.cpu.isalist" value="amd64"/>
  </properties>
  <testcase time="0.875" classname="test.TestCaseUtil" name="testSynWarranty"/>
</testsuite>